<?xml version="1.0" encoding="UTF-8"?>
<!-- Generated by org.testng.reporters.JUnitXMLReporter -->
<testsuite ignored="1" hostname="pikessoft-ThinkPad-T14-Gen-1" failures="0" tests="1" name="Default test" time="15.023" errors="0" timestamp="2025-03-20T04:54:01 PKT">
  <testcase classname="test_cases.loginTest" name="login_with_invalid_cred" time="12.914"/>
  <testcase classname="test_cases.loginTest" name="login_with_valid_cred" time="0.0">
    <ignored/>
  </testcase> <!-- login_with_valid_cred -->
</testsuite> <!-- Default test -->
