<?xml version="1.0" encoding="UTF-8"?>
<testsuite xmlns:xsi="http://www.w3.org/2001/XMLSchema-instance" xsi:noNamespaceSchemaLocation="https://maven.apache.org/surefire/maven-surefire-plugin/xsd/surefire-test-report-3.0.xsd" version="3.0" name="TestSuite" time="53.179" tests="10" errors="0" skipped="0" failures="0">
  <properties>
[...]
</properties>
  <testcase name="ExtractData" classname="test_cases.tableTest" time="11.199">
    <system-err><![CDATA[SLF4J(W): No SLF4J providers were found.
SLF4J(W): Defaulting to no-operation (NOP) logger implementation
SLF4J(W): See https://www.slf4j.org/codes.html#noProviders for further details.
]]></system-err>
  </testcase>
  <testcase name="testExtractCompanyNames" classname="test_cases.tableTest" time="0.481"/>
  <testcase name="testVerifyCompanyExists" classname="test_cases.tableTest" time="0.476"/>
  <testcase name="testGenericJSAlertHandler" classname="test_cases.alert_handling" time="11.764"/>
  <testcase name="testJSAlert" classname="test_cases.alert_handling" time="0.391"/>
  <testcase name="testJSConfirmDismiss" classname="test_cases.alert_handling" time="0.388"/>
  <testcase name="testJSPrompt" classname="test_cases.alert_handling" time="0.435"/>
  <testcase name="testFileUploadUsingSendKeys" classname="test_cases.fileUpload" time="0.877"/>
  <testcase name="login_with_invalid_cred" classname="test_cases.loginTest" time="11.437"/>
  <testcase name="login_with_valid_cred" classname="test_cases.loginTest" time="1.194"/>
</testsuite>