<?xml version="1.0" encoding="UTF-8"?>
<testng-results ignored="1" total="2" passed="1" failed="0" skipped="0">
  <reporter-output>
  </reporter-output>
  <suite started-at="2025-03-20T04:53:46 PKT" name="Default suite" finished-at="2025-03-20T04:54:01 PKT" duration-ms="15023">
    <groups>
    </groups>
    <test started-at="2025-03-20T04:53:46 PKT" name="Default test" finished-at="2025-03-20T04:54:01 PKT" duration-ms="15023">
      <class name="test_cases.loginTest">
        <test-method is-config="true" signature="setup()[pri:0, instance:test_cases.loginTest@55182842]" started-at="2025-03-20T04:53:46 PKT" name="setup" finished-at="2025-03-20T04:53:48 PKT" duration-ms="1977" status="PASS">
          <reporter-output>
          </reporter-output>
        </test-method> <!-- setup -->
        <test-method is-config="true" signature="setupTest()[pri:0, instance:test_cases.loginTest@55182842]" started-at="2025-03-20T04:53:48 PKT" name="setupTest" finished-at="2025-03-20T04:53:48 PKT" duration-ms="18" status="PASS">
          <reporter-output>
          </reporter-output>
        </test-method> <!-- setupTest -->
        <test-method signature="login_with_invalid_cred()[pri:0, instance:test_cases.loginTest@55182842]" started-at="2025-03-20T04:53:48 PKT" name="login_with_invalid_cred" finished-at="2025-03-20T04:54:01 PKT" duration-ms="12914" status="PASS">
          <reporter-output>
          </reporter-output>
        </test-method> <!-- login_with_invalid_cred -->
        <test-method is-config="true" signature="tearDown()[pri:0, instance:test_cases.loginTest@55182842]" started-at="2025-03-20T04:54:01 PKT" name="tearDown" finished-at="2025-03-20T04:54:01 PKT" duration-ms="76" status="PASS">
          <reporter-output>
          </reporter-output>
        </test-method> <!-- tearDown -->
      </class> <!-- test_cases.loginTest -->
    </test> <!-- Default test -->
  </suite> <!-- Default suite -->
</testng-results>
